root@e8032f6cc528:/# exit
exit
yash@gigabyte:~$ sudo docker run -ti --device=/dev/ttyACM0 huzefank/gateway-mraa
[sudo] password for yash: 
Install dependencies...

Get:1 http://archive.ubuntu.com/ubuntu xenial InRelease [247 kB]
Get:2 http://archive.ubuntu.com/ubuntu xenial-updates InRelease [102 kB]
Get:3 http://archive.ubuntu.com/ubuntu xenial-security InRelease [102 kB]
Get:4 http://archive.ubuntu.com/ubuntu xenial/main Sources [1103 kB]
Get:5 http://archive.ubuntu.com/ubuntu xenial/restricted Sources [5179 B]
Get:6 http://archive.ubuntu.com/ubuntu xenial/universe Sources [9802 kB]
Get:7 http://archive.ubuntu.com/ubuntu xenial/main amd64 Packages [1558 kB]
Get:8 http://archive.ubuntu.com/ubuntu xenial/restricted amd64 Packages [14.1 kB]
Get:9 http://archive.ubuntu.com/ubuntu xenial/universe amd64 Packages [9827 kB]
Get:10 http://archive.ubuntu.com/ubuntu xenial-updates/main Sources [311 kB]                       
Get:11 http://archive.ubuntu.com/ubuntu xenial-updates/restricted Sources [3202 B]                 
Get:12 http://archive.ubuntu.com/ubuntu xenial-updates/universe Sources [190 kB]                   
Get:13 http://archive.ubuntu.com/ubuntu xenial-updates/main amd64 Packages [677 kB]                
Get:14 http://archive.ubuntu.com/ubuntu xenial-updates/restricted amd64 Packages [13.2 kB]         
Get:15 http://archive.ubuntu.com/ubuntu xenial-updates/universe amd64 Packages [585 kB]            
Get:16 http://archive.ubuntu.com/ubuntu xenial-security/main Sources [84.9 kB]                     
Get:17 http://archive.ubuntu.com/ubuntu xenial-security/restricted Sources [2779 B]                
Get:18 http://archive.ubuntu.com/ubuntu xenial-security/universe Sources [30.3 kB]                 
Get:19 http://archive.ubuntu.com/ubuntu xenial-security/main amd64 Packages [323 kB]               
Get:20 http://archive.ubuntu.com/ubuntu xenial-security/restricted amd64 Packages [12.8 kB]        
Get:21 http://archive.ubuntu.com/ubuntu xenial-security/universe amd64 Packages [137 kB]           
Fetched 25.1 MB in 11s (2177 kB/s)                                                                 
Reading package lists... Done
Reading package lists... Done
Building dependency tree       
Reading state information... Done
The following additional packages will be installed:
  apt apt-utils binutils bzip2 ca-certificates cpp cpp-5 cron dbus dh-python distro-info-data
  dpkg-dev fakeroot file g++ g++-5 gcc gcc-5 gir1.2-glib-2.0 gyp ifupdown iproute2 isc-dhcp-client
  isc-dhcp-common iso-codes javascript-common krb5-locales libalgorithm-diff-perl
  libalgorithm-diff-xs-perl libalgorithm-merge-perl libapt-inst2.0 libapt-pkg5.0 libasan2
  libasn1-8-heimdal libatm1 libatomic1 libc-dev-bin libc6 libc6-dev libcap-ng0 libcc1-0
  libcilkrts5 libcurl3-gnutls libdbus-1-3 libdbus-glib-1-2 libdns-export162 libdpkg-perl libexpat1
  libfakeroot libffi6 libfile-fcntllock-perl libgcc-5-dev libgdbm3 libgirepository-1.0-1
  libglib2.0-0 libglib2.0-data libgmp10 libgnutls30 libgomp1 libgssapi-krb5-2 libgssapi3-heimdal
  libhcrypto4-heimdal libheimbase1-heimdal libheimntlm0-heimdal libhogweed4 libhx509-5-heimdal
  libicu55 libidn11 libisc-export160 libisl15 libitm1 libjs-inherits libjs-jquery libjs-node-uuid
  libjs-underscore libk5crypto3 libkeyutils1 libkrb5-26-heimdal libkrb5-3 libkrb5support0
  libldap-2.4-2 liblsan0 libmagic1 libmnl0 libmpc3 libmpdec2 libmpfr4 libmpx0 libnettle6
  libp11-kit0 libperl5.22 libpython-stdlib libpython2.7-minimal libpython2.7-stdlib
  libpython3-stdlib libpython3.5-minimal libpython3.5-stdlib libquadmath0 libroken18-heimdal
  librtmp1 libsasl2-2 libsasl2-modules libsasl2-modules-db libsqlite3-0 libssl-dev libssl-doc
  libssl1.0.0 libstdc++-5-dev libtasn1-6 libtsan0 libubsan0 libuv1 libuv1-dev libwind0-heimdal
  libxml2 libxtables11 linux-libc-dev lsb-release make manpages manpages-dev mime-support netbase
  node-abbrev node-ansi node-ansi-color-table node-archy node-async node-block-stream
  node-combined-stream node-cookie-jar node-delayed-stream node-forever-agent node-form-data
  node-fstream node-fstream-ignore node-github-url-from-git node-glob node-graceful-fs
  node-inherits node-ini node-json-stringify-safe node-lockfile node-lru-cache node-mime
  node-minimatch node-mkdirp node-mute-stream node-node-uuid node-nopt node-normalize-package-data
  node-npmlog node-once node-osenv node-qs node-read node-read-package-json node-request
  node-retry node-rimraf node-semver node-sha node-sigmund node-slide node-tar node-tunnel-agent
  node-underscore node-which nodejs-dev openssl patch perl perl-modules-5.22 python
  python-apt-common python-minimal python-pkg-resources python2.7 python2.7-minimal python3
  python3-apt python3-dbus python3-gi python3-minimal python3-pycurl python3-software-properties
  python3.5 python3.5-minimal rename sgml-base shared-mime-info ucf unattended-upgrades
  xdg-user-dirs xml-core xz-utils zlib1g zlib1g-dev
Suggested packages:
  aptitude | synaptic | wajig apt-doc python-apt binutils-doc bzip2-doc cpp-doc gcc-5-locales
  anacron logrotate checksecurity exim4 | postfix | mail-transport-agent dbus-user-session
  | dbus-x11 debian-keyring g++-multilib g++-5-multilib gcc-5-doc libstdc++6-5-dbg gcc-multilib
  autoconf automake libtool flex bison gdb gcc-doc gcc-5-multilib libgcc1-dbg libgomp1-dbg
  libitm1-dbg libatomic1-dbg libasan2-dbg liblsan0-dbg libtsan0-dbg libubsan0-dbg libcilkrts5-dbg
  libmpx0-dbg libquadmath0-dbg ppp rdnssd iproute2-doc resolvconf avahi-autoipd
  isc-dhcp-client-ddns apparmor isoquery apache2 | lighttpd | httpd glibc-doc gnutls-bin krb5-doc
  krb5-user libsasl2-modules-otp libsasl2-modules-ldap libsasl2-modules-sql
  libsasl2-modules-gssapi-mit | libsasl2-modules-gssapi-heimdal libstdc++-5-doc lsb make-doc
  man-browser node-hawk node-aws-sign node-oauth-sign node-http-signature debhelper ed
  diffutils-doc perl-doc libterm-readline-gnu-perl | libterm-readline-perl-perl python-doc
  python-tk python-setuptools python2.7-doc binfmt-support python3-doc python3-tk python3-venv
  python3-apt-dbg python-apt-doc python-dbus-doc python3-dbus-dbg libcurl4-gnutls-dev
  python-pycurl-doc python3-pycurl-dbg python3.5-venv python3.5-doc sgml-base-doc bsd-mailx
  mail-transport-agent
The following NEW packages will be installed:
  apt-utils binutils build-essential bzip2 ca-certificates cpp cpp-5 cron dbus dh-python
  distro-info-data dpkg-dev fakeroot file g++ g++-5 gcc gcc-5 gir1.2-glib-2.0 gyp ifupdown
  iproute2 isc-dhcp-client isc-dhcp-common iso-codes javascript-common krb5-locales
  libalgorithm-diff-perl libalgorithm-diff-xs-perl libalgorithm-merge-perl libapt-inst2.0 libasan2
  libasn1-8-heimdal libatm1 libatomic1 libc-dev-bin libc6-dev libcap-ng0 libcc1-0 libcilkrts5
  libcurl3-gnutls libdbus-1-3 libdbus-glib-1-2 libdns-export162 libdpkg-perl libexpat1 libfakeroot
  libffi6 libfile-fcntllock-perl libgcc-5-dev libgdbm3 libgirepository-1.0-1 libglib2.0-0
  libglib2.0-data libgmp10 libgnutls30 libgomp1 libgssapi-krb5-2 libgssapi3-heimdal
  libhcrypto4-heimdal libheimbase1-heimdal libheimntlm0-heimdal libhogweed4 libhx509-5-heimdal
  libicu55 libidn11 libisc-export160 libisl15 libitm1 libjs-inherits libjs-jquery libjs-node-uuid
  libjs-underscore libk5crypto3 libkeyutils1 libkrb5-26-heimdal libkrb5-3 libkrb5support0
  libldap-2.4-2 liblsan0 libmagic1 libmnl0 libmpc3 libmpdec2 libmpfr4 libmpx0 libnettle6
  libp11-kit0 libperl5.22 libpython-stdlib libpython2.7-minimal libpython2.7-stdlib
  libpython3-stdlib libpython3.5-minimal libpython3.5-stdlib libquadmath0 libroken18-heimdal
  librtmp1 libsasl2-2 libsasl2-modules libsasl2-modules-db libsqlite3-0 libssl-dev libssl-doc
  libssl1.0.0 libstdc++-5-dev libtasn1-6 libtsan0 libubsan0 libuv1 libuv1-dev libwind0-heimdal
  libxml2 libxtables11 linux-libc-dev lsb-release make manpages manpages-dev mime-support netbase
  node-abbrev node-ansi node-ansi-color-table node-archy node-async node-block-stream
  node-combined-stream node-cookie-jar node-delayed-stream node-forever-agent node-form-data
  node-fstream node-fstream-ignore node-github-url-from-git node-glob node-graceful-fs node-gyp
  node-inherits node-ini node-json-stringify-safe node-lockfile node-lru-cache node-mime
  node-minimatch node-mkdirp node-mute-stream node-node-uuid node-nopt node-normalize-package-data
  node-npmlog node-once node-osenv node-qs node-read node-read-package-json node-request
  node-retry node-rimraf node-semver node-sha node-sigmund node-slide node-tar node-tunnel-agent
  node-underscore node-which nodejs nodejs-dev npm openssl patch perl perl-modules-5.22 python
  python-apt-common python-minimal python-pkg-resources python2.7 python2.7-minimal python3
  python3-apt python3-dbus python3-gi python3-minimal python3-pycurl python3-software-properties
  python3.5 python3.5-minimal rename sgml-base shared-mime-info software-properties-common ucf
  unattended-upgrades xdg-user-dirs xml-core xz-utils zlib1g-dev
The following packages will be upgraded:
  apt libapt-pkg5.0 libc6 zlib1g
4 upgraded, 199 newly installed, 0 to remove and 14 not upgraded.
Need to get 88.9 MB of archives.
After this operation, 360 MB of additional disk space will be used.
Get:1 http://archive.ubuntu.com/ubuntu xenial-updates/main amd64 libc6 amd64 2.23-0ubuntu7 [2590 kB]
Get:2 http://archive.ubuntu.com/ubuntu xenial-updates/main amd64 zlib1g amd64 1:1.2.8.dfsg-2ubuntu4.1 [51.2 kB]
Get:3 http://archive.ubuntu.com/ubuntu xenial-updates/main amd64 libapt-pkg5.0 amd64 1.2.20 [707 kB]
Get:4 http://archive.ubuntu.com/ubuntu xenial-updates/main amd64 apt amd64 1.2.20 [1042 kB]
Get:5 http://archive.ubuntu.com/ubuntu xenial/main amd64 cron amd64 3.0pl1-128ubuntu2 [68.4 kB]
Get:6 http://archive.ubuntu.com/ubuntu xenial/main amd64 libatm1 amd64 1:2.5.1-1.5 [24.2 kB]
Get:7 http://archive.ubuntu.com/ubuntu xenial/main amd64 libmnl0 amd64 1.0.3-5 [12.0 kB]
Get:8 http://archive.ubuntu.com/ubuntu xenial-updates/main amd64 libssl1.0.0 amd64 1.0.2g-1ubuntu4.6 [1082 kB]
Get:9 http://archive.ubuntu.com/ubuntu xenial-updates/main amd64 libpython3.5-minimal amd64 3.5.2-2ubuntu0~16.04.1 [526 kB]
Get:10 http://archive.ubuntu.com/ubuntu xenial-updates/main amd64 libexpat1 amd64 2.1.0-7ubuntu0.16.04.2 [71.3 kB]
Get:11 http://archive.ubuntu.com/ubuntu xenial-updates/main amd64 python3.5-minimal amd64 3.5.2-2ubuntu0~16.04.1 [1597 kB]
Get:12 http://archive.ubuntu.com/ubuntu xenial/main amd64 python3-minimal amd64 3.5.1-3 [23.3 kB]
Get:13 http://archive.ubuntu.com/ubuntu xenial/main amd64 mime-support all 3.59ubuntu1 [31.0 kB]
Get:14 http://archive.ubuntu.com/ubuntu xenial/main amd64 libmpdec2 amd64 2.4.2-1 [82.6 kB]
Get:15 http://archive.ubuntu.com/ubuntu xenial/main amd64 libsqlite3-0 amd64 3.11.0-1ubuntu1 [396 kB]
Get:16 http://archive.ubuntu.com/ubuntu xenial-updates/main amd64 libpython3.5-stdlib amd64 3.5.2-2ubuntu0~16.04.1 [2130 kB]
Get:17 http://archive.ubuntu.com/ubuntu xenial-updates/main amd64 python3.5 amd64 3.5.2-2ubuntu0~16.04.1 [165 kB]
Get:18 http://archive.ubuntu.com/ubuntu xenial/main amd64 libpython3-stdlib amd64 3.5.1-3 [6818 B]
Get:19 http://archive.ubuntu.com/ubuntu xenial-updates/main amd64 dh-python all 2.20151103ubuntu1.1 [74.1 kB]
Get:20 http://archive.ubuntu.com/ubuntu xenial/main amd64 python3 amd64 3.5.1-3 [8710 B]
Get:21 http://archive.ubuntu.com/ubuntu xenial/main amd64 libgdbm3 amd64 1.8.3-13.1 [16.9 kB]
Get:22 http://archive.ubuntu.com/ubuntu xenial/main amd64 sgml-base all 1.26+nmu4ubuntu1 [12.5 kB]
Get:23 http://archive.ubuntu.com/ubuntu xenial/main amd64 perl-modules-5.22 all 5.22.1-9 [2641 kB]
Get:24 http://archive.ubuntu.com/ubuntu xenial/main amd64 libperl5.22 amd64 5.22.1-9 [3371 kB]
Get:25 http://archive.ubuntu.com/ubuntu xenial/main amd64 perl amd64 5.22.1-9 [237 kB]             
Get:26 http://archive.ubuntu.com/ubuntu xenial-updates/main amd64 libpython2.7-minimal amd64 2.7.12-1ubuntu0~16.04.1 [339 kB]
Get:27 http://archive.ubuntu.com/ubuntu xenial-updates/main amd64 python2.7-minimal amd64 2.7.12-1ubuntu0~16.04.1 [1295 kB]
Get:28 http://archive.ubuntu.com/ubuntu xenial/main amd64 python-minimal amd64 2.7.11-1 [28.2 kB]  
Get:29 http://archive.ubuntu.com/ubuntu xenial/main amd64 libffi6 amd64 3.2.1-4 [17.8 kB]          
Get:30 http://archive.ubuntu.com/ubuntu xenial-updates/main amd64 libpython2.7-stdlib amd64 2.7.12-1ubuntu0~16.04.1 [1884 kB]
Get:31 http://archive.ubuntu.com/ubuntu xenial-updates/main amd64 python2.7 amd64 2.7.12-1ubuntu0~16.04.1 [224 kB]
Get:32 http://archive.ubuntu.com/ubuntu xenial/main amd64 libpython-stdlib amd64 2.7.11-1 [7656 B] 
Get:33 http://archive.ubuntu.com/ubuntu xenial/main amd64 python amd64 2.7.11-1 [137 kB]           
Get:34 http://archive.ubuntu.com/ubuntu xenial/main amd64 libgmp10 amd64 2:6.1.0+dfsg-2 [240 kB]   
Get:35 http://archive.ubuntu.com/ubuntu xenial/main amd64 libmpfr4 amd64 3.1.4-1 [191 kB]          
Get:36 http://archive.ubuntu.com/ubuntu xenial/main amd64 libmpc3 amd64 1.0.3-1 [39.7 kB]          
Get:37 http://archive.ubuntu.com/ubuntu xenial-updates/main amd64 libapt-inst2.0 amd64 1.2.20 [55.6 kB]
Get:38 http://archive.ubuntu.com/ubuntu xenial-updates/main amd64 apt-utils amd64 1.2.20 [196 kB]  
Get:39 http://archive.ubuntu.com/ubuntu xenial/main amd64 bzip2 amd64 1.0.6-8 [32.7 kB]            
Get:40 http://archive.ubuntu.com/ubuntu xenial-updates/main amd64 distro-info-data all 0.28ubuntu0.3 [4048 B]
Get:41 http://archive.ubuntu.com/ubuntu xenial/main amd64 libmagic1 amd64 1:5.25-2ubuntu1 [216 kB] 
Get:42 http://archive.ubuntu.com/ubuntu xenial/main amd64 file amd64 1:5.25-2ubuntu1 [21.2 kB]     
Get:43 http://archive.ubuntu.com/ubuntu xenial/main amd64 iproute2 amd64 4.3.0-1ubuntu3 [522 kB]   
Get:44 http://archive.ubuntu.com/ubuntu xenial-updates/main amd64 ifupdown amd64 0.8.10ubuntu1.2 [54.9 kB]
Get:45 http://archive.ubuntu.com/ubuntu xenial-updates/main amd64 libisc-export160 amd64 1:9.10.3.dfsg.P4-8ubuntu1.6 [153 kB]
Get:46 http://archive.ubuntu.com/ubuntu xenial-updates/main amd64 libdns-export162 amd64 1:9.10.3.dfsg.P4-8ubuntu1.6 [666 kB]
Get:47 http://archive.ubuntu.com/ubuntu xenial-updates/main amd64 isc-dhcp-client amd64 4.3.3-5ubuntu12.6 [223 kB]
Get:48 http://archive.ubuntu.com/ubuntu xenial-updates/main amd64 isc-dhcp-common amd64 4.3.3-5ubuntu12.6 [105 kB]
Get:49 http://archive.ubuntu.com/ubuntu xenial-updates/main amd64 libnettle6 amd64 3.2-1ubuntu0.16.04.1 [93.5 kB]
Get:50 http://archive.ubuntu.com/ubuntu xenial-updates/main amd64 libhogweed4 amd64 3.2-1ubuntu0.16.04.1 [136 kB]
Get:51 http://archive.ubuntu.com/ubuntu xenial-updates/main amd64 libidn11 amd64 1.32-3ubuntu1.1 [45.6 kB]
Get:52 http://archive.ubuntu.com/ubuntu xenial-updates/main amd64 libp11-kit0 amd64 0.23.2-5~ubuntu16.04.1 [105 kB]
Get:53 http://archive.ubuntu.com/ubuntu xenial-updates/main amd64 libtasn1-6 amd64 4.7-3ubuntu0.16.04.1 [43.2 kB]
Get:54 http://archive.ubuntu.com/ubuntu xenial-updates/main amd64 libgnutls30 amd64 3.4.10-4ubuntu1.2 [547 kB]
Get:55 http://archive.ubuntu.com/ubuntu xenial/main amd64 libxtables11 amd64 1.6.0-2ubuntu3 [27.2 kB]
Get:56 http://archive.ubuntu.com/ubuntu xenial-updates/main amd64 lsb-release all 9.20160110ubuntu0.2 [11.8 kB]
Get:57 http://archive.ubuntu.com/ubuntu xenial/main amd64 netbase all 5.3 [12.9 kB]                
Get:58 http://archive.ubuntu.com/ubuntu xenial/main amd64 ucf all 3.0036 [52.9 kB]                 
Get:59 http://archive.ubuntu.com/ubuntu xenial-updates/main amd64 openssl amd64 1.0.2g-1ubuntu4.6 [492 kB]
Get:60 http://archive.ubuntu.com/ubuntu xenial/main amd64 ca-certificates all 20160104ubuntu1 [191 kB]
Get:61 http://archive.ubuntu.com/ubuntu xenial/main amd64 libcap-ng0 amd64 0.7.7-1 [10.9 kB]       
Get:62 http://archive.ubuntu.com/ubuntu xenial-updates/main amd64 libdbus-1-3 amd64 1.10.6-1ubuntu3.3 [161 kB]
Get:63 http://archive.ubuntu.com/ubuntu xenial-updates/main amd64 dbus amd64 1.10.6-1ubuntu3.3 [142 kB]
Get:64 http://archive.ubuntu.com/ubuntu xenial-updates/main amd64 libglib2.0-0 amd64 2.48.2-0ubuntu1 [1119 kB]
30% [64 libglib2.0-0 268 kB/1119 kB 24%]                                          221 kB/s 4min 44s

